<?xml version="1.0" encoding="UTF-8"?><testsuite errors="1" failures="0" name="Yo como usuario deseo buscar un usuario aleatorio" skipped="0" tests="1" time="23.11" timestamp="2023-03-09 05:49:45"><testcase name="De la lista de usuarios, seleccione uno aleatoriamente y verifique en el buscador"><error message="Timed out after 2 seconds. Element not found&#10;For documentation on this error, please visit: https://www.seleniumhq.org/exceptions/no_such_element.html&#10;Build info: version: '3.141.59', revision: 'e82be7d358', time: '2018-11-14T08:17:03'&#10;System info: host: 'javier-VivoBook-ASUSLaptop-X509JB-X509JB', ip: '127.0.1.1', os.name: 'Linux', os.arch: 'amd64', os.version: '5.19.0-35-generic', java.version: '1.8.0_362'&#10;Driver info: driver.version: RemoteWebDriver&#10;For documentation on this error, please visit: https://www.seleniumhq.org/exceptions/no_such_element.html&#10;Build info: version: '3.141.59', revision: 'e82be7d358', time: '2018-11-14T08:17:03'&#10;System info: host: 'javier-VivoBook-ASUSLaptop-X509JB-X509JB', ip: '127.0.1.1', os.name: 'Linux', os.arch: 'amd64', os.version: '5.19.0-35-generic', java.version: '1.8.0_362'&#10;Driver info: driver.version: unknown" type="org.openqa.selenium.NoSuchElementException">Timed out after 2 seconds. Element not found
For documentation on this error, please visit: https://www.seleniumhq.org/exceptions/no_such_element.html
Build info: version: '3.141.59', revision: 'e82be7d358', time: '2018-11-14T08:17:03'
System info: host: 'javier-VivoBook-ASUSLaptop-X509JB-X509JB', ip: '127.0.1.1', os.name: 'Linux', os.arch: 'amd64', os.version: '5.19.0-35-generic', java.version: '1.8.0_362'
Driver info: driver.version: RemoteWebDriver
For documentation on this error, please visit: https://www.seleniumhq.org/exceptions/no_such_element.html
Build info: version: '3.141.59', revision: 'e82be7d358', time: '2018-11-14T08:17:03'
System info: host: 'javier-VivoBook-ASUSLaptop-X509JB-X509JB', ip: '127.0.1.1', os.name: 'Linux', os.arch: 'amd64', os.version: '5.19.0-35-generic', java.version: '1.8.0_362'
Driver info: driver.version: unknown</error><system-err>Timed out after 2 seconds. Element not found
For documentation on this error, please visit: https://www.seleniumhq.org/exceptions/no_such_element.html
Build info: version: '3.141.59', revision: 'e82be7d358', time: '2018-11-14T08:17:03'
System info: host: 'javier-VivoBook-ASUSLaptop-X509JB-X509JB', ip: '127.0.1.1', os.name: 'Linux', os.arch: 'amd64', os.version: '5.19.0-35-generic', java.version: '1.8.0_362'
Driver info: driver.version: RemoteWebDriver
For documentation on this error, please visit: https://www.seleniumhq.org/exceptions/no_such_element.html
Build info: version: '3.141.59', revision: 'e82be7d358', time: '2018-11-14T08:17:03'
System info: host: 'javier-VivoBook-ASUSLaptop-X509JB-X509JB', ip: '127.0.1.1', os.name: 'Linux', os.arch: 'amd64', os.version: '5.19.0-35-generic', java.version: '1.8.0_362'
Driver info: driver.version: unknown
PageObject.SearchWebBasePage.scrollElement(SearchWebBasePage.java:44)
PageObject.SearchPageObject.selectAnyUser(SearchPageObject.java:32)
Steps.SearchSteps.searchUserList(SearchSteps.java:19)
StepDefinitions.SearchStepDefinitions.searchList(SearchStepDefinitions.java:18)
✽.busco un usuario de la lista(src/test/resources/Feature/5searchUser.feature:5)
</system-err></testcase></testsuite>